# JRE version: Java(TM) SE Runtime Environment (17.0.9+11) (build 17.0.9+11-LTS-201)
# Java VM: Java HotSpot(TM) 64-Bit Server VM (17.0.9+11-LTS-201, mixed mode, sharing, tiered, compressed oops, compressed class ptrs, g1 gc, windows-amd64)
GC Precious Log:
 CPUs: 4 total, 4 available
 Memory: 7887M
 Large Page Support: Disabled
 NUMA Support: Disabled
 Compressed Oops: Enabled (32-bit)
 Heap Region Size: 1M
 Heap Min Capacity: 256M
 Heap Initial Capacity: 256M
 Heap Max Capacity: 512M
 Pre-touch: Disabled
 Parallel Workers: 4
 Concurrent Workers: 1
 Concurrent Refinement Workers: 4
 Periodic GC: Disabled
Heap:
 garbage-first heap   total 262144K, used 66883K [0x00000000e0000000, 0x0000000100000000)
  region size 1024K, 44 young (45056K), 18 survivors (18432K)
 Metaspace       used 50408K, committed 51008K, reserved 393216K
  class space    used 7207K, committed 7488K, reserved 327680K
GC Heap History (12 events):
Event: 1.208 GC heap before
{Heap before GC invocations=0 (full 0):
 garbage-first heap   total 262144K, used 13312K [0x00000000e0000000, 0x0000000100000000)
  region size 1024K, 13 young (13312K), 0 survivors (0K)
 Metaspace       used 793K, committed 896K, reserved 393216K
  class space    used 61K, committed 128K, reserved 327680K
}
Event: 1.223 GC heap after
{Heap after GC invocations=1 (full 0):
 garbage-first heap   total 262144K, used 1668K [0x00000000e0000000, 0x0000000100000000)
  region size 1024K, 2 young (2048K), 2 survivors (2048K)
 Metaspace       used 793K, committed 896K, reserved 393216K
  class space    used 61K, committed 128K, reserved 327680K
}
Event: 2.378 GC heap before
{Heap before GC invocations=1 (full 0):
 garbage-first heap   total 262144K, used 22148K [0x00000000e0000000, 0x0000000100000000)
  region size 1024K, 19 young (19456K), 2 survivors (2048K)
 Metaspace       used 3250K, committed 3392K, reserved 393216K
  class space    used 411K, committed 512K, reserved 327680K
}
Event: 2.385 GC heap after
{Heap after GC invocations=2 (full 0):
 garbage-first heap   total 262144K, used 11089K [0x00000000e0000000, 0x0000000100000000)
  region size 1024K, 3 young (3072K), 3 survivors (3072K)
 Metaspace       used 3250K, committed 3392K, reserved 393216K
  class space    used 411K, committed 512K, reserved 327680K
}
Event: 3.796 GC heap before
{Heap before GC invocations=2 (full 0):
 garbage-first heap   total 262144K, used 40785K [0x00000000e0000000, 0x0000000100000000)
  region size 1024K, 32 young (32768K), 3 survivors (3072K)
 Metaspace       used 4064K, committed 4288K, reserved 393216K
  class space    used 502K, committed 640K, reserved 327680K
}
Event: 3.800 GC heap after
{Heap after GC invocations=3 (full 0):
 garbage-first heap   total 262144K, used 12062K [0x00000000e0000000, 0x0000000100000000)
  region size 1024K, 1 young (1024K), 1 survivors (1024K)
 Metaspace       used 4064K, committed 4288K, reserved 393216K
  class space    used 502K, committed 640K, reserved 327680K
}
Event: 9.057 GC heap before
{Heap before GC invocations=3 (full 0):
 garbage-first heap   total 262144K, used 134942K [0x00000000e0000000, 0x0000000100000000)
  region size 1024K, 120 young (122880K), 1 survivors (1024K)
 Metaspace       used 21272K, committed 21504K, reserved 393216K
  class space    used 3138K, committed 3264K, reserved 327680K
}
Event: 9.073 GC heap after
{Heap after GC invocations=4 (full 0):
 garbage-first heap   total 262144K, used 23708K [0x00000000e0000000, 0x0000000100000000)
  region size 1024K, 12 young (12288K), 12 survivors (12288K)
 Metaspace       used 21272K, committed 21504K, reserved 393216K
  class space    used 3138K, committed 3264K, reserved 327680K
}
Event: 13.388 GC heap before
{Heap before GC invocations=5 (full 0):
 garbage-first heap   total 262144K, used 145564K [0x00000000e0000000, 0x0000000100000000)
  region size 1024K, 128 young (131072K), 12 survivors (12288K)
 Metaspace       used 35826K, committed 36288K, reserved 393216K
  class space    used 4991K, committed 5184K, reserved 327680K
}
Event: 13.417 GC heap after
{Heap after GC invocations=6 (full 0):
 garbage-first heap   total 262144K, used 33091K [0x00000000e0000000, 0x0000000100000000)
  region size 1024K, 10 young (10240K), 10 survivors (10240K)
 Metaspace       used 35826K, committed 36288K, reserved 393216K
  class space    used 4991K, committed 5184K, reserved 327680K
}
Event: 23.780 GC heap before
{Heap before GC invocations=7 (full 0):
 garbage-first heap   total 262144K, used 180547K [0x00000000e0000000, 0x0000000100000000)
  region size 1024K, 153 young (156672K), 10 survivors (10240K)
 Metaspace       used 48664K, committed 49152K, reserved 393216K
  class space    used 6912K, committed 7104K, reserved 327680K
}
Event: 23.828 GC heap after
{Heap after GC invocations=8 (full 0):
 garbage-first heap   total 262144K, used 41283K [0x00000000e0000000, 0x0000000100000000)
  region size 1024K, 18 young (18432K), 18 survivors (18432K)
 Metaspace       used 48664K, committed 49152K, reserved 393216K
  class space    used 6912K, committed 7104K, reserved 327680K
}

